<?xml version="1.0" encoding="UTF-8"?>
<!--
  ========================LICENSE_START=================================
  COMONL BackEnd - EJB submodule
  %%
  Copyright (C) 2022 CSI Piemonte
  %%
  SPDX-FileCopyrightText: Copyright 2022 | CSI Piemonte
  SPDX-License-Identifier: EUPL-1.2
  =========================LICENSE_END==================================
  -->

<persistence version="2.0" xmlns="http://java.sun.com/xml/ns/persistence" xmlns:xsi="http://www.w3.org/2001/XMLSchema-instance" xsi:schemaLocation="http://java.sun.com/xml/ns/persistence http://java.sun.com/xml/ns/persistence/persistence_2_0.xsd">
  <persistence-unit name="primary">
    <jta-data-source>java:jboss/datasources/comonlwebDS</jta-data-source>
    <properties>
      <property name="jboss.entity.manager.factory.jndi.name" value="java:comp/env/persistence/comonlPu" />
      <property name="hibernate.archive.autodetection" value="class"/>
      <property name="hibernate.transaction.manager_lookup_class" value="org.hibernate.transaction.JBossTransactionManagerLookup" />
      <property name="hibernate.dialect" value="org.hibernate.dialect.Oracle10gDialect"/>
      <property name="hibernate.show_sql" value="true" />
      <property name="hibernate.format_sql" value="true" />
      <property name="hibernate.connection.autocommit" value="false" />
      <property name="hibernate.id.new_generator_mappings" value="true" />
      <property name="hibernate.jdbc.use_get_generated_keys" value="false"/>
      <property name="hibernate.temp.use_jdbc_metadata_defaults" value="true"/>
    </properties>
  </persistence-unit>
</persistence>
