<?xml version="1.0" encoding="UTF-8"?>
<!--
  ========================LICENSE_START=================================
  COMONL BackEnd - EJB submodule
  %%
  Copyright (C) 2022 Regione Piemonte
  %%
  SPDX-FileCopyrightText: Copyright 2022 | CSI Piemonte
  SPDX-License-Identifier: EUPL-1.2-or-later
  =========================LICENSE_END==================================
  -->

<application xmlns="http://java.sun.com/xml/ns/javaee" xmlns:xsi="http://www.w3.org/2001/XMLSchema-instance" xsi:schemaLocation="http://java.sun.com/xml/ns/javaee http://java.sun.com/xml/ns/javaee/application_6.xsd" version="6">
  <display-name>comonlweb-ear-test</display-name>
  <module>
    <ejb>comonlweb-ejb-test.jar</ejb>
  </module>
  <library-directory>lib</library-directory>
</application>
